Terminals unused in grammar

    "["
    "]"
    LEXICALERROR


Grammar

    0 $accept: loop $end

    1 loop: ε
    2     | loop command NL
    3     | loop error NL

    4 command: exprs
    5        | QUIT
    6        | ε

    7 expr: ID
    8     | NUM
    9     | ID "=" expr
   10     | expr "^" expr
   11     | expr "*" expr
   12     | expr "+" expr
   13     | expr "/" expr
   14     | expr "-" expr
   15     | "(" expr ")"
   16     | ID "(" exprs ")"

   17 exprs: expr
   18      | exprs "," expr


Terminals, with rules where they appear

    $end (0) 0
    error (256) 3
    NUM (258) 8
    ID (259) 7 9 16
    "(" (260) 15 16
    ")" (261) 15 16
    "[" (262)
    "]" (263)
    "," (264) 18
    LEXICALERROR (265)
    NL (266) 2 3
    QUIT (267) 5
    "=" (268) 9
    "+" (269) 12
    "-" (270) 14
    "*" (271) 11
    "/" (272) 13
    "^" (273) 10


Nonterminals, with rules where they appear

    $accept (19)
        on left: 0
    loop (20)
        on left: 1 2 3
        on right: 0 2 3
    command (21)
        on left: 4 5 6
        on right: 2
    expr (22)
        on left: 7 8 9 10 11 12 13 14 15 16
        on right: 9 10 11 12 13 14 15 17 18
    exprs (23)
        on left: 17 18
        on right: 4 16 18


State 0

    0 $accept: • loop $end

    $default  reduce using rule 1 (loop)

    loop  go to state 1


State 1

    0 $accept: loop • $end
    2 loop: loop • command NL
    3     | loop • error NL

    $end   shift, and go to state 2
    error  shift, and go to state 3
    NUM    shift, and go to state 4
    ID     shift, and go to state 5
    "("  shift, and go to state 6
    QUIT   shift, and go to state 7

    NL  reduce using rule 6 (command)

    command  go to state 8
    expr     go to state 9
    exprs    go to state 10


State 2

    0 $accept: loop $end •

    $default  accept


State 3

    3 loop: loop error • NL

    NL  shift, and go to state 11


State 4

    8 expr: NUM •

    $default  reduce using rule 8 (expr)


State 5

    7 expr: ID •
    9     | ID • "=" expr
   16     | ID • "(" exprs ")"

    "("   shift, and go to state 12
    "="  shift, and go to state 13

    $default  reduce using rule 7 (expr)


State 6

   15 expr: "(" • expr ")"

    NUM    shift, and go to state 4
    ID     shift, and go to state 5
    "("  shift, and go to state 6

    expr  go to state 14


State 7

    5 command: QUIT •

    $default  reduce using rule 5 (command)


State 8

    2 loop: loop command • NL

    NL  shift, and go to state 15


State 9

   10 expr: expr • "^" expr
   11     | expr • "*" expr
   12     | expr • "+" expr
   13     | expr • "/" expr
   14     | expr • "-" expr
   17 exprs: expr •

    "+"  shift, and go to state 16
    "-"  shift, and go to state 17
    "*"  shift, and go to state 18
    "/"  shift, and go to state 19
    "^"  shift, and go to state 20

    $default  reduce using rule 17 (exprs)


State 10

    4 command: exprs •
   18 exprs: exprs • "," expr

    ","  shift, and go to state 21

    $default  reduce using rule 4 (command)


State 11

    3 loop: loop error NL •

    $default  reduce using rule 3 (loop)


State 12

   16 expr: ID "(" • exprs ")"

    NUM    shift, and go to state 4
    ID     shift, and go to state 5
    "("  shift, and go to state 6

    expr   go to state 9
    exprs  go to state 22


State 13

    9 expr: ID "=" • expr

    NUM    shift, and go to state 4
    ID     shift, and go to state 5
    "("  shift, and go to state 6

    expr  go to state 23


State 14

   10 expr: expr • "^" expr
   11     | expr • "*" expr
   12     | expr • "+" expr
   13     | expr • "/" expr
   14     | expr • "-" expr
   15     | "(" expr • ")"

    ")"   shift, and go to state 24
    "+"  shift, and go to state 16
    "-"  shift, and go to state 17
    "*"  shift, and go to state 18
    "/"  shift, and go to state 19
    "^"  shift, and go to state 20


State 15

    2 loop: loop command NL •

    $default  reduce using rule 2 (loop)


State 16

   12 expr: expr "+" • expr

    NUM    shift, and go to state 4
    ID     shift, and go to state 5
    "("  shift, and go to state 6

    expr  go to state 25


State 17

   14 expr: expr "-" • expr

    NUM    shift, and go to state 4
    ID     shift, and go to state 5
    "("  shift, and go to state 6

    expr  go to state 26


State 18

   11 expr: expr "*" • expr

    NUM    shift, and go to state 4
    ID     shift, and go to state 5
    "("  shift, and go to state 6

    expr  go to state 27


State 19

   13 expr: expr "/" • expr

    NUM    shift, and go to state 4
    ID     shift, and go to state 5
    "("  shift, and go to state 6

    expr  go to state 28


State 20

   10 expr: expr "^" • expr

    NUM    shift, and go to state 4
    ID     shift, and go to state 5
    "("  shift, and go to state 6

    expr  go to state 29


State 21

   18 exprs: exprs "," • expr

    NUM    shift, and go to state 4
    ID     shift, and go to state 5
    "("  shift, and go to state 6

    expr  go to state 30


State 22

   16 expr: ID "(" exprs • ")"
   18 exprs: exprs • "," expr

    ")"  shift, and go to state 31
    ","  shift, and go to state 21


State 23

    9 expr: ID "=" expr •
   10     | expr • "^" expr
   11     | expr • "*" expr
   12     | expr • "+" expr
   13     | expr • "/" expr
   14     | expr • "-" expr

    "+"  shift, and go to state 16
    "-"  shift, and go to state 17
    "*"  shift, and go to state 18
    "/"  shift, and go to state 19
    "^"  shift, and go to state 20

    $default  reduce using rule 9 (expr)


State 24

   15 expr: "(" expr ")" •

    $default  reduce using rule 15 (expr)


State 25

   10 expr: expr • "^" expr
   11     | expr • "*" expr
   12     | expr • "+" expr
   12     | expr "+" expr •
   13     | expr • "/" expr
   14     | expr • "-" expr

    "*"  shift, and go to state 18
    "/"  shift, and go to state 19
    "^"  shift, and go to state 20

    $default  reduce using rule 12 (expr)


State 26

   10 expr: expr • "^" expr
   11     | expr • "*" expr
   12     | expr • "+" expr
   13     | expr • "/" expr
   14     | expr • "-" expr
   14     | expr "-" expr •

    "*"  shift, and go to state 18
    "/"  shift, and go to state 19
    "^"  shift, and go to state 20

    $default  reduce using rule 14 (expr)


State 27

   10 expr: expr • "^" expr
   11     | expr • "*" expr
   11     | expr "*" expr •
   12     | expr • "+" expr
   13     | expr • "/" expr
   14     | expr • "-" expr

    "^"  shift, and go to state 20

    $default  reduce using rule 11 (expr)


State 28

   10 expr: expr • "^" expr
   11     | expr • "*" expr
   12     | expr • "+" expr
   13     | expr • "/" expr
   13     | expr "/" expr •
   14     | expr • "-" expr

    "^"  shift, and go to state 20

    $default  reduce using rule 13 (expr)


State 29

   10 expr: expr • "^" expr
   10     | expr "^" expr •
   11     | expr • "*" expr
   12     | expr • "+" expr
   13     | expr • "/" expr
   14     | expr • "-" expr

    "^"  shift, and go to state 20

    $default  reduce using rule 10 (expr)


State 30

   10 expr: expr • "^" expr
   11     | expr • "*" expr
   12     | expr • "+" expr
   13     | expr • "/" expr
   14     | expr • "-" expr
   18 exprs: exprs "," expr •

    "+"  shift, and go to state 16
    "-"  shift, and go to state 17
    "*"  shift, and go to state 18
    "/"  shift, and go to state 19
    "^"  shift, and go to state 20

    $default  reduce using rule 18 (exprs)


State 31

   16 expr: ID "(" exprs ")" •

    $default  reduce using rule 16 (expr)
